This file contains any messages produced by compilers while
running configure, to aid debugging if configure makes a mistake.

It was created by netCDF configure 4.4.1, which was
generated by GNU Autoconf 2.69.  Invocation command line was

  $ ./configure --prefix=/home-3/karoraw1@jhu.edu/

## --------- ##
## Platform. ##
## --------- ##

hostname = login-node03
uname -m = x86_64
uname -r = 2.6.32-573.22.1.el6.x86_64
uname -s = Linux
uname -v = #1 SMP Wed Mar 23 03:35:39 UTC 2016

/usr/bin/uname -p = unknown
/bin/uname -X     = unknown

/bin/arch              = x86_64
/usr/bin/arch -k       = unknown
/usr/convex/getsysinfo = unknown
/usr/bin/hostinfo      = unknown
/bin/machine           = unknown
/usr/bin/oslevel       = unknown
/bin/universe          = unknown

PATH: /home-3/karoraw1@jhu.edu/perl5/bin
PATH: /home-3/karoraw1@jhu.edu/work/kaw/lib/mothur
PATH: /home-3/karoraw1@jhu.edu/work/kaw/lib
PATH: /cm/shared/apps/slurm/current/sbin
PATH: /cm/shared/apps/slurm/current/bin
PATH: /cm/shared/apps/gcc/4.8.2/bin
PATH: /home-3/karoraw1@jhu.edu/work/kaw/lib/mothur
PATH: /home-3/karoraw1@jhu.edu/work/kaw/lib
PATH: /cm/shared/apps/perl/5.22.0/bin
PATH: /home-3/karoraw1@jhu.edu/work/kaw/lib/mothur
PATH: /home-3/karoraw1@jhu.edu/work/kaw/lib
PATH: /home-3/karoraw1@jhu.edu/work/kaw/lib/mothur
PATH: /home-3/karoraw1@jhu.edu/work/kaw/lib
PATH: /cm/shared/apps/binutils
PATH: /cm/shared/apps/Intel/R/3.2.0/bin
PATH: /cm/shared/apps/ruby/2.2.2/bin
PATH: /cm/shared/apps/git/2.6.4/bin
PATH: /cm/shared/apps/Intel/python/2.7.10/bin
PATH: /cm/shared/apps/velvet/1.2.10/bin
PATH: /cm/shared/apps/MATLAB/R2015a/bin
PATH: /cm/shared/apps/Intel/openmpi/1.8.4/bin
PATH: /cm/shared/apps/binutils/2.25/src/bin
PATH: /cm/shared/apps/parallel_studio_xe_2015_update2/composer_xe_2015.2.164/bin/intel64
PATH: /usr/lib64/qt-3.3/bin
PATH: /usr/local/bin
PATH: /bin
PATH: /usr/bin
PATH: /usr/local/sbin
PATH: /usr/sbin
PATH: /sbin
PATH: /opt/ibutils/bin
PATH: /sbin
PATH: /usr/sbin
PATH: /opt/dell/srvadmin/bin
PATH: /home-3/karoraw1@jhu.edu/bin
PATH: /home-3/karoraw1@jhu.edu/.local/bin
PATH: /home-3/karoraw1@jhu.edu/.local/lib
PATH: /home-3/karoraw1@jhu.edu/.local/bbmap
PATH: /home-3/karoraw1@jhu.edu/work/kaw/CompGenomicsFinalProject
PATH: /home-3/karoraw1@jhu.edu/work/kaw/lib/RDPTools
PATH: /home-3/karoraw1@jhu.edu/.local/lib/python2.7/site-packages
PATH: /home-3/karoraw1@jhu.edu
PATH: /home-3/karoraw1@jhu.edu/work/kaw/lib/genome_finder
PATH: /home-3/karoraw1@jhu.edu/bin
PATH: /home-3/karoraw1@jhu.edu/work/kaw/lib/genome_finder/infernal-1.1.1/src
PATH: /home-3/karoraw1@jhu.edu/work/kaw/lib/genome_finder/pplacer-Linux-v1.1.alpha17
PATH: /home-3/karoraw1@jhu.edu/work/kaw/lib/genome_finder/standard-RAxML
PATH: /home-3/karoraw1@jhu.edu/work/kaw/lib/ptools-local
PATH: /home-3/karoraw1@jhu.edu/work/kaw/lib/pathway-tools
PATH: /home-3/karoraw1@jhu.edu/work/kaw/lib/sublime_text_3
PATH: /home-3/karoraw1@jhu.edu/work/kaw/lib/genome_finder/infernal-1.1.1/src/src/impl_sse
PATH: /scratch/groups/t-sprehei1/kaw/lib/CFF-master/.
PATH: /home-3/karoraw1@jhu.edu/work/kaw/lib/CFF-master
PATH: /scratch/groups/t-sprehei1/kaw/lib/CFF-master/.
PATH: /home-3/karoraw1@jhu.edu/lib/perl5/x86_64-linux/Sys
PATH: /home-3/karoraw1@jhu.edu/work/kaw/lib/CFF-master/
PATH: /scratch/groups/t-sprehei1/kaw/lib/CFF-master/.
PATH: /home-3/karoraw1@jhu.edu/lib/perl5/x86_64-linux/Sys
PATH: /home-3/karoraw1@jhu.edu/lib/perl5/x86_64-linux/Math
PATH: /sbin
PATH: /usr/sbin
PATH: /home-3/karoraw1@jhu.edu/perl5/lib/perl5/IO/Pipe
PATH: /home-3/karoraw1@jhu.edu/lib/perl5/x86_64-linux/Unix/Processors
PATH: /home-3/karoraw1@jhu.edu/lib/perl5/x86_64-linux/Unix
PATH: .
PATH: /home-3/karoraw1@jhu.edu/perl5/lib/perl5/x86_64-linux-thread-multi/Unix/
PATH: /home-3/karoraw1@jhu.edu/lib/perl5/x86_64-linux/Sys
PATH: /home-3/karoraw1@jhu.edu/lib/perl5/x86_64-linux/Math
PATH: /home-3/karoraw1@jhu.edu/perl5/lib/perl5/x86_64-linux-thread-multi
PATH: /home-3/karoraw1@jhu.edu/bin
PATH: /home-3/karoraw1@jhu.edu/.local/bin
PATH: /home-3/karoraw1@jhu.edu/.local/lib
PATH: /home-3/karoraw1@jhu.edu/.local/bbmap
PATH: /home-3/karoraw1@jhu.edu/work/kaw/CompGenomicsFinalProject
PATH: /home-3/karoraw1@jhu.edu/work/kaw/lib/RDPTools
PATH: /home-3/karoraw1@jhu.edu/.local/lib/python2.7/site-packages
PATH: /home-3/karoraw1@jhu.edu
PATH: /home-3/karoraw1@jhu.edu/work/kaw/lib/forkedDir/genome_finder
PATH: /home-3/karoraw1@jhu.edu/bin
PATH: /home-3/karoraw1@jhu.edu/work/kaw/lib/pandaseq/libtool-2.4.2
PATH: /home-3/karoraw1@jhu.edu/work/kaw/lib/pandaseq/libtool-2.4.2/include/
PATH: /home-3/karoraw1@jhu.edu/work/kaw/lib/genome_finder/infernal-1.1.1/easel
PATH: /home-3/karoraw1@jhu.edu/work/kaw/lib/genome_finder/infernal-1.1.1/easel/miniapps
PATH: /home-3/karoraw1@jhu.edu/work/kaw/lib/genome_finder/infernal-1.1.1/src
PATH: /home-3/karoraw1@jhu.edu/work/kaw/lib/genome_finder/pplacer-Linux-v1.1.alpha17
PATH: /home-3/karoraw1@jhu.edu/work/kaw/lib/genome_finder/standard-RAxML
PATH: /home-3/karoraw1@jhu.edu/work/kaw/lib/ptools-local
PATH: /home-3/karoraw1@jhu.edu/work/kaw/lib/pathway-tools
PATH: /home-3/karoraw1@jhu.edu/work/kaw/lib/sublime_text_3
PATH: /home-3/karoraw1@jhu.edu/work/kaw/germs_tutorial/fastx_toolkit-0.0.14/build/bin
PATH: /home-3/karoraw1@jhu.edu/work/kaw/lib/genome_finder/infernal-1.1.1/src/src/impl_sse


## ----------- ##
## Core tests. ##
## ----------- ##

configure:2872: netCDF 4.4.1
configure:2919: checking build system type
configure:2928: error: cannot guess build type; you must specify one

## ---------------- ##
## Cache variables. ##
## ---------------- ##

ac_cv_env_CC_set=
ac_cv_env_CC_value=
ac_cv_env_CFLAGS_set=
ac_cv_env_CFLAGS_value=
ac_cv_env_CPPFLAGS_set=
ac_cv_env_CPPFLAGS_value=
ac_cv_env_CPP_set=
ac_cv_env_CPP_value=
ac_cv_env_LDFLAGS_set=
ac_cv_env_LDFLAGS_value=
ac_cv_env_LIBS_set=
ac_cv_env_LIBS_value=
ac_cv_env_LT_SYS_LIBRARY_PATH_set=
ac_cv_env_LT_SYS_LIBRARY_PATH_value=
ac_cv_env_build_alias_set=
ac_cv_env_build_alias_value=
ac_cv_env_host_alias_set=
ac_cv_env_host_alias_value=
ac_cv_env_target_alias_set=
ac_cv_env_target_alias_value=

## ----------------- ##
## Output variables. ##
## ----------------- ##

ACLOCAL=''
ALLOCA=''
AMDEPBACKSLASH=''
AMDEP_FALSE=''
AMDEP_TRUE=''
AMTAR=''
AM_BACKSLASH=''
AM_CFLAGS=''
AM_CPPFLAGS=''
AM_DEFAULT_V=''
AM_DEFAULT_VERBOSITY=''
AM_LDFLAGS=''
AM_V=''
AR=''
AS=''
AUTOCONF=''
AUTOHEADER=''
AUTOMAKE=''
AWK=''
BINFILE_NAME=''
BUILD_BENCHMARKS_FALSE=''
BUILD_BENCHMARKS_TRUE=''
BUILD_DAP_FALSE=''
BUILD_DAP_TRUE=''
BUILD_DISKLESS_FALSE=''
BUILD_DISKLESS_TRUE=''
BUILD_DLL_FALSE=''
BUILD_DLL_TRUE=''
BUILD_DOCS_FALSE=''
BUILD_DOCS_TRUE=''
BUILD_EXAMPLES_FALSE=''
BUILD_EXAMPLES_TRUE=''
BUILD_FORTRAN_FALSE=''
BUILD_FORTRAN_TRUE=''
BUILD_INTERNAL_DOCS=''
BUILD_MMAP_FALSE=''
BUILD_MMAP_TRUE=''
BUILD_PARALLEL_FALSE=''
BUILD_PARALLEL_TRUE=''
BUILD_TESTSETS_FALSE=''
BUILD_TESTSETS_TRUE=''
BUILD_UTILITIES_FALSE=''
BUILD_UTILITIES_TRUE=''
BUILD_V2_FALSE=''
BUILD_V2_TRUE=''
CC=''
CCDEPMODE=''
CC_VERSION=''
CFLAGS=''
CONFIG_DATE='Fri Jul  1 15:33:34 EDT 2016'
CPP=''
CPPFLAGS=''
CROSS_COMPILING_FALSE=''
CROSS_COMPILING_TRUE=''
CYGPATH_W=''
DEFS=''
DEPDIR=''
DLLTOOL=''
DOT=''
DOXYGEN=''
DOXYGEN_BUILD_RELEASE_DOCS_FALSE=''
DOXYGEN_BUILD_RELEASE_DOCS_TRUE=''
DOXYGEN_CSS_FILE=''
DOXYGEN_HEADER_FILE=''
DOXYGEN_SEARCHENGINE=''
DSYMUTIL=''
DUMPBIN=''
ECHO_C=''
ECHO_N='-n'
ECHO_T=''
EGREP=''
ENABLE_DAP_AUTH_TESTS_FALSE=''
ENABLE_DAP_AUTH_TESTS_TRUE=''
ENABLE_DAP_LONG_TESTS_FALSE=''
ENABLE_DAP_LONG_TESTS_TRUE=''
ENABLE_DAP_REMOTE_TESTS_FALSE=''
ENABLE_DAP_REMOTE_TESTS_TRUE=''
ENABLE_FILEINFO_FALSE=''
ENABLE_FILEINFO_TRUE=''
EXEEXT=''
EXTRA_EXAMPLE_TESTS_FALSE=''
EXTRA_EXAMPLE_TESTS_TRUE=''
EXTRA_TESTS_FALSE=''
EXTRA_TESTS_TRUE=''
FGREP=''
GREP=''
HAS_DAP=''
HAS_DISKLESS=''
HAS_HDF4=''
HAS_HDF5=''
HAS_JNA=''
HAS_LOGGING=''
HAS_MMAP=''
HAS_NC2=''
HAS_NC4=''
HAS_PARALLEL4=''
HAS_PARALLEL=''
HAS_PNETCDF=''
HAS_SZLIB=''
HAVE_DOT=''
INSTALL_DATA=''
INSTALL_PROGRAM=''
INSTALL_SCRIPT=''
INSTALL_STRIP_PROGRAM=''
INTERNAL_OCLIB_FALSE=''
INTERNAL_OCLIB_TRUE=''
LARGE_FILE_TESTS_FALSE=''
LARGE_FILE_TESTS_TRUE=''
LD=''
LDFLAGS=''
LIBOBJS=''
LIBS=''
LIBTOOL=''
LIPO=''
LN_S=''
LTLIBOBJS=''
LT_SYS_LIBRARY_PATH=''
MAINT=''
MAINTAINER_MODE_FALSE=''
MAINTAINER_MODE_TRUE=''
MAKEINFO=''
MANIFEST_TOOL=''
MKDIR_P=''
NC_ENABLE_DOXYGEN_PDF_OUTPUT=''
NC_ENABLE_DOXYGEN_PDF_OUTPUT_FALSE=''
NC_ENABLE_DOXYGEN_PDF_OUTPUT_TRUE=''
NC_HAS_DAP=''
NC_HAS_DISKLESS=''
NC_HAS_HDF4=''
NC_HAS_HDF5=''
NC_HAS_JNA=''
NC_HAS_MMAP=''
NC_HAS_NC2=''
NC_HAS_NC4=''
NC_HAS_PARALLEL4=''
NC_HAS_PARALLEL=''
NC_HAS_PNETCDF=''
NC_HAS_SZIP=''
NC_LIBS=''
NC_M4=''
NC_VERSION=''
NC_VERSION_MAJOR='4'
NC_VERSION_MINOR='4'
NC_VERSION_NOTE=''
NC_VERSION_PATCH='1'
NM=''
NMEDIT=''
NOUNDEFINED=''
OBJDUMP=''
OBJEXT=''
OTOOL64=''
OTOOL=''
PACKAGE=''
PACKAGE_BUGREPORT='support-netcdf@unidata.ucar.edu'
PACKAGE_NAME='netCDF'
PACKAGE_STRING='netCDF 4.4.1'
PACKAGE_TARNAME='netcdf'
PACKAGE_URL=''
PACKAGE_VERSION='4.4.1'
PATH_SEPARATOR=':'
RANLIB=''
SED=''
SET_MAKE=''
SHELL='/bin/sh'
SHOW_DOXYGEN_TAG_LIST=''
SHOW_DOXYGEN_TAG_LIST_FALSE=''
SHOW_DOXYGEN_TAG_LIST_TRUE=''
STRIP=''
TEST_PARALLEL4_FALSE=''
TEST_PARALLEL4_TRUE=''
USE_DAP_FALSE=''
USE_DAP_TRUE=''
USE_DISPATCH_FALSE=''
USE_DISPATCH_TRUE=''
USE_FFIO_FALSE=''
USE_FFIO_TRUE=''
USE_HDF4_FALSE=''
USE_HDF4_FILE_TESTS_FALSE=''
USE_HDF4_FILE_TESTS_TRUE=''
USE_HDF4_TRUE=''
USE_LOGGING_FALSE=''
USE_LOGGING_TRUE=''
USE_NETCDF4_FALSE=''
USE_NETCDF4_TRUE=''
USE_PNETCDF_DIR_FALSE=''
USE_PNETCDF_DIR_TRUE=''
USE_PNETCDF_FALSE=''
USE_PNETCDF_TRUE=''
USE_RENAMEV3_FALSE=''
USE_RENAMEV3_TRUE=''
USE_STDIO_FALSE=''
USE_STDIO_TRUE=''
USE_SZIP_FALSE=''
USE_SZIP_TRUE=''
USE_VALGRIND_TESTS_FALSE=''
USE_VALGRIND_TESTS_TRUE=''
VERSION=''
ac_ct_AR=''
ac_ct_CC=''
ac_ct_DUMPBIN=''
am__EXEEXT_FALSE=''
am__EXEEXT_TRUE=''
am__fastdepCC_FALSE=''
am__fastdepCC_TRUE=''
am__include=''
am__isrc=''
am__leading_dot=''
am__nodep=''
am__quote=''
am__tar=''
am__untar=''
bindir='${exec_prefix}/bin'
build=''
build_alias=''
build_cpu=''
build_os=''
build_vendor=''
datadir='${datarootdir}'
datarootdir='${prefix}/share'
docdir='${datarootdir}/doc/${PACKAGE_TARNAME}'
dvidir='${docdir}'
enable_shared=''
enable_static=''
exec_prefix='NONE'
host=''
host_alias=''
host_cpu=''
host_os=''
host_vendor=''
htmldir='${docdir}'
includedir='${prefix}/include'
infodir='${datarootdir}/info'
install_sh=''
libdir='${exec_prefix}/lib'
libexecdir='${exec_prefix}/libexec'
localedir='${datarootdir}/locale'
localstatedir='${prefix}/var'
mandir='${datarootdir}/man'
mkdir_p=''
oldincludedir='/usr/include'
pdfdir='${docdir}'
prefix='/home-3/karoraw1@jhu.edu'
program_transform_name='s,x,x,'
psdir='${docdir}'
sbindir='${exec_prefix}/sbin'
sharedstatedir='${prefix}/com'
sysconfdir='${prefix}/etc'
target=''
target_alias=''
target_cpu=''
target_os=''
target_vendor=''

## ----------- ##
## confdefs.h. ##
## ----------- ##

/* confdefs.h */
#define PACKAGE_NAME "netCDF"
#define PACKAGE_TARNAME "netcdf"
#define PACKAGE_VERSION "4.4.1"
#define PACKAGE_STRING "netCDF 4.4.1"
#define PACKAGE_BUGREPORT "support-netcdf@unidata.ucar.edu"
#define PACKAGE_URL ""

configure: exit 1
